
Currently Loaded Modules:
  1) autotools      3) prun/2.3       5) ucx/1.18.1       7) hpcfund
  2) cmake/3.25.2   4) gnu12/12.2.0   6) openmpi4/4.1.8   8) rocm/6.4.1

 


----------------------------------------------------------------------
Omnistat Report Card for Job Id: 258315
----------------------------------------------------------------------

Job Overview (Num Nodes = 1, Machine = HPC Fund)
 --> Start time = 2025-12-29 13:22:44
 --> End   time = 2025-12-29 13:50:44
 --> Duration   = 1680 secs

GPU Statistics:

           | Utilization (%)  |  Memory Use (%)  | Temperature (C)  |    Power (W)     | Energy (kWh) |
     GPU # |    Max     Mean  |    Max     Mean  |    Max     Mean  |    Max     Mean  |    Total     |
    ---------------------------------------------------------------------------------------------------
         0 |    0.00    0.00  |    0.02    0.02  |   44.00   43.14  |   40.00   40.00  |   1.87e-02   |
         1 |    0.00    0.00  |    0.02    0.02  |   40.00   39.14  |   42.00   42.00  |   1.96e-02   |
         2 |    0.00    0.00  |    0.02    0.02  |   46.00   43.33  |   47.00   46.32  |   2.16e-02   |
         3 |    0.00    0.00  |    0.02    0.02  |   41.00   39.96  |   45.00   45.00  |   2.10e-02   |

Approximate Total GPU Energy Consumed = 8.09e-02 kWh

--
Query interval = 30.000 secs
Query execution time = 0.3 secs
Version = 1.8.0
