
Currently Loaded Modules:
  1) autotools      3) prun/2.3       5) ucx/1.18.1       7) hpcfund
  2) cmake/3.25.2   4) gnu12/12.2.0   6) openmpi4/4.1.8   8) rocm/6.4.1

 


----------------------------------------------------------------------
Omnistat Report Card for Job Id: 258389
----------------------------------------------------------------------

Job Overview (Num Nodes = 1, Machine = HPC Fund)
 --> Start time = 2025-12-29 16:24:57
 --> End   time = 2025-12-29 17:36:57
 --> Duration   = 4320 secs

GPU Statistics:

           | Utilization (%)  |  Memory Use (%)  | Temperature (C)  |    Power (W)     | Energy (kWh) |
     GPU # |    Max     Mean  |    Max     Mean  |    Max     Mean  |    Max     Mean  |    Total     |
    ---------------------------------------------------------------------------------------------------
         0 |  100.00   91.10  |   91.03   88.06  |   61.00   59.07  |  208.00  182.39  |   2.19e-01   |
         1 |  100.00   91.30  |   91.03   89.30  |   59.00   56.03  |  216.00  189.19  |   2.28e-01   |
         2 |  100.00   79.86  |   91.03   89.30  |   64.00   59.34  |  211.00  178.69  |   2.15e-01   |
         3 |    0.00    0.00  |    0.02    0.02  |   40.00   37.11  |   45.00   44.04  |   5.28e-02   |

Approximate Total GPU Energy Consumed = 7.15e-01 kWh

--
Query interval = 30.000 secs
Query execution time = 0.3 secs
Version = 1.8.0
