
Currently Loaded Modules:
  1) autotools      3) prun/2.3       5) ucx/1.18.1       7) hpcfund
  2) cmake/3.25.2   4) gnu12/12.2.0   6) openmpi4/4.1.8   8) rocm/6.4.1

 


----------------------------------------------------------------------
Omnistat Report Card for Job Id: 258330
----------------------------------------------------------------------

Job Overview (Num Nodes = 1, Machine = HPC Fund)
 --> Start time = 2025-12-29 13:49:34
 --> End   time = 2025-12-29 13:58:04
 --> Duration   = 510 secs

GPU Statistics:

           | Utilization (%)  |  Memory Use (%)  | Temperature (C)  |    Power (W)     | Energy (kWh) |
     GPU # |    Max     Mean  |    Max     Mean  |    Max     Mean  |    Max     Mean  |    Total     |
    ---------------------------------------------------------------------------------------------------
         0 |  100.00   66.00  |   91.03   67.11  |   61.00   54.94  |  203.00  146.00  |   2.09e-02   |
         1 |  100.00   49.83  |   91.21   77.31  |   58.00   51.83  |  203.00  153.44  |   2.20e-02   |
         2 |  100.00   69.11  |   91.21   77.31  |   63.00   56.22  |  208.00  154.94  |   2.22e-02   |
         3 |    0.00    0.00  |    0.02    0.02  |   40.00   38.00  |   45.00   44.33  |   6.28e-03   |

Approximate Total GPU Energy Consumed = 7.14e-02 kWh

--
Query interval = 30.000 secs
Query execution time = 0.2 secs
Version = 1.8.0
