
Currently Loaded Modules:
  1) autotools      3) prun/2.3       5) ucx/1.18.1       7) hpcfund
  2) cmake/3.25.2   4) gnu12/12.2.0   6) openmpi4/4.1.8   8) rocm/6.4.1

 


----------------------------------------------------------------------
Omnistat Report Card for Job Id: 258349
----------------------------------------------------------------------

Job Overview (Num Nodes = 1, Machine = HPC Fund)
 --> Start time = 2025-12-29 14:05:08
 --> End   time = 2025-12-29 16:24:08
 --> Duration   = 8340 secs

GPU Statistics:

           | Utilization (%)  |  Memory Use (%)  | Temperature (C)  |    Power (W)     | Energy (kWh) |
     GPU # |    Max     Mean  |    Max     Mean  |    Max     Mean  |    Max     Mean  |    Total     |
    ---------------------------------------------------------------------------------------------------
         0 |  100.00   33.06  |   91.03   89.81  |   61.00   59.15  |  212.00  182.54  |   4.23e-01   |
         1 |  100.00   92.94  |   91.03   89.81  |   59.00   56.02  |  219.00  187.27  |   4.34e-01   |
         2 |  100.00   93.63  |   91.03   89.49  |   64.00   59.02  |  222.00  175.03  |   4.06e-01   |
         3 |    0.00    0.00  |    0.02    0.02  |   41.00   37.14  |   45.00   44.02  |   1.02e-01   |

Approximate Total GPU Energy Consumed = 1.37e+00 kWh

--
Query interval = 30.000 secs
Query execution time = 0.4 secs
Version = 1.8.0
