
Currently Loaded Modules:
  1) autotools      3) prun/2.3       5) ucx/1.18.1       7) hpcfund
  2) cmake/3.25.2   4) gnu12/12.2.0   6) openmpi4/4.1.8   8) rocm/6.4.1

 


----------------------------------------------------------------------
Omnistat Report Card for Job Id: 258345
----------------------------------------------------------------------

Job Overview (Num Nodes = 1, Machine = HPC Fund)
 --> Start time = 2025-12-29 13:56:44
 --> End   time = 2025-12-29 14:06:44
 --> Duration   = 600 secs

GPU Statistics:

           | Utilization (%)  |  Memory Use (%)  | Temperature (C)  |    Power (W)     | Energy (kWh) |
     GPU # |    Max     Mean  |    Max     Mean  |    Max     Mean  |    Max     Mean  |    Total     |
    ---------------------------------------------------------------------------------------------------
         0 |    0.00    0.00  |    0.02    0.02  |   44.00   42.29  |   45.00   44.71  |   7.46e-03   |
         1 |    0.00    0.00  |    0.02    0.02  |   42.00   40.29  |   45.00   44.95  |   7.50e-03   |
         2 |    0.00    0.00  |    0.02    0.02  |   41.00   40.67  |   43.00   41.19  |   6.86e-03   |
         3 |    0.00    0.00  |    0.02    0.02  |   43.00   42.14  |   41.00   40.90  |   6.83e-03   |

Approximate Total GPU Energy Consumed = 2.86e-02 kWh

--
Query interval = 30.000 secs
Query execution time = 0.3 secs
Version = 1.8.0
